<?xml version="1.0" encoding="UTF-8"?>
<!-- Generated by org.testng.reporters.JUnitReportReporter -->
<testsuite hostname="DESKTOP-SP8UJ8Q" failures="0" tests="1" name="script.TestLogin" time="26.186" errors="0" timestamp="2022-08-05T19:03:27 IST" skipped="0">
  <testcase classname="script.TestLogin" name="testValidLogin" time="26.186"/>
  <system-out/>
</testsuite> <!-- script.TestLogin -->
