<?xml version="1.0" encoding="UTF-8"?>
<!-- Generated by org.testng.reporters.JUnitReportReporter -->
<testsuite hostname="DESKTOP-SP8UJ8Q" failures="0" tests="4" name="script.Demo2" time="17.520" errors="0" timestamp="2022-08-04T23:42:03 IST" skipped="0">
  <testcase classname="script.Demo2" name="test2" time="3.858"/>
  <system-out>
    <![CDATA[Google
A1
B1]]>
  </system-out>
  <testcase classname="script.Demo2" name="test2" time="3.679"/>
  <system-out>
    <![CDATA[Google
A3
C3
B3]]>
  </system-out>
  <testcase classname="script.Demo2" name="test2" time="4.041"/>
  <system-out>
    <![CDATA[Google
A2
 
C1]]>
  </system-out>
  <testcase classname="script.Demo2" name="test2" time="5.942"/>
  <system-out>
    <![CDATA[Google
A4]]>
  </system-out>
</testsuite> <!-- script.Demo2 -->
