<?xml version="1.0" encoding="UTF-8"?>
<!-- Generated by org.testng.reporters.JUnitReportReporter -->
<testsuite hostname="DESKTOP-SP8UJ8Q" failures="0" tests="1" name="script.InvalidLogin" time="12.152" errors="0" timestamp="2022-08-05T01:03:16 IST" skipped="0">
  <testcase classname="script.InvalidLogin" name="testInValidLogin" time="12.152"/>
  <system-out/>
</testsuite> <!-- script.InvalidLogin -->
