<?xml version="1.0" encoding="UTF-8"?>
<!-- Generated by org.testng.reporters.JUnitReportReporter -->
<testsuite hostname="DESKTOP-SP8UJ8Q" failures="0" tests="1" name="script.TestLogin" time="35.528" errors="0" timestamp="2022-08-05T20:00:24 IST" skipped="0">
  <testcase classname="script.TestLogin" name="testValidLogin" time="35.528"/>
  <system-out/>
</testsuite> <!-- script.TestLogin -->
