<?xml version="1.0" encoding="UTF-8"?>
<!-- Generated by org.testng.reporters.JUnitReportReporter -->
<testsuite hostname="DESKTOP-SP8UJ8Q" failures="0" tests="4" name="script.Demo1" time="19.015" errors="0" timestamp="2022-08-04T23:52:20 IST" skipped="0">
  <testcase classname="script.Demo1" name="test2" time="8.500"/>
  <system-out>
    <![CDATA[Google
A1
B1]]>
  </system-out>
  <testcase classname="script.Demo1" name="test2" time="3.403"/>
  <system-out>
    <![CDATA[Google
A4]]>
  </system-out>
  <testcase classname="script.Demo1" name="test2" time="3.492"/>
  <system-out>
    <![CDATA[Google
A2
 
C1]]>
  </system-out>
  <testcase classname="script.Demo1" name="test2" time="3.620"/>
  <system-out>
    <![CDATA[Google
A3
C3
B3]]>
  </system-out>
</testsuite> <!-- script.Demo1 -->
